<?xml version="1.0" encoding="UTF-8"?>
<!-- Generated by org.testng.reporters.JUnitReportReporter -->
<testsuite hostname="DESKTOP-089LBSM" failures="0" tests="1" name="Practice.SampleDemo" time="0.015" errors="0" timestamp="2023-05-01T15:51:33 IST" skipped="0">
  <testcase classname="Practice.SampleDemo" name="sample" time="0.015"/>
  <system-out/>
</testsuite> <!-- Practice.SampleDemo -->
